This file contains any messages produced by compilers while
running configure, to aid debugging if configure makes a mistake.

It was created by library_demo configure 1.0.0, which was
generated by GNU Autoconf 2.63.  Invocation command line was

  $ ./configure 

## --------- ##
## Platform. ##
## --------- ##

hostname = axiosws-ab
uname -m = x86_64
uname -r = 2.6.32-642.1.1.el6.x86_64
uname -s = Linux
uname -v = #1 SMP Tue May 31 21:57:07 UTC 2016

/usr/bin/uname -p = unknown
/bin/uname -X     = unknown

/bin/arch              = x86_64
/usr/bin/arch -k       = unknown
/usr/convex/getsysinfo = unknown
/usr/bin/hostinfo      = unknown
/bin/machine           = unknown
/usr/bin/oslevel       = unknown
/bin/universe          = unknown

PATH: /usr/local/redhawk/core/bin
PATH: /usr/lib64/qt-3.3/bin
PATH: /usr/local/bin
PATH: /usr/bin
PATH: /bin
PATH: /usr/local/sbin
PATH: /usr/sbin
PATH: /sbin
PATH: /nishome/abendebba/bin


## ----------- ##
## Core tests. ##
## ----------- ##

configure:2145: checking for a BSD-compatible install
configure:2213: result: /usr/bin/install -c
configure:2224: checking whether build environment is sane
configure:2284: result: yes
configure:2425: checking for a thread-safe mkdir -p
configure:2464: result: /bin/mkdir -p
configure:2477: checking for gawk
configure:2493: found /usr/bin/gawk
configure:2504: result: gawk
configure:2515: checking whether make sets $(MAKE)
configure:2537: result: yes
configure:2669: checking for gcc
configure:2685: found /usr/bin/gcc
configure:2696: result: gcc
configure:2928: checking for C compiler version
configure:2936: gcc --version >&5
gcc (GCC) 4.4.7 20120313 (Red Hat 4.4.7-17)
Copyright (C) 2010 Free Software Foundation, Inc.
This is free software; see the source for copying conditions.  There is NO
warranty; not even for MERCHANTABILITY or FITNESS FOR A PARTICULAR PURPOSE.

configure:2940: $? = 0
configure:2947: gcc -v >&5
Using built-in specs.
Target: x86_64-redhat-linux
Configured with: ../configure --prefix=/usr --mandir=/usr/share/man --infodir=/usr/share/info --with-bugurl=http://bugzilla.redhat.com/bugzilla --enable-bootstrap --enable-shared --enable-threads=posix --enable-checking=release --with-system-zlib --enable-__cxa_atexit --disable-libunwind-exceptions --enable-gnu-unique-object --enable-languages=c,c++,objc,obj-c++,java,fortran,ada --enable-java-awt=gtk --disable-dssi --with-java-home=/usr/lib/jvm/java-1.5.0-gcj-1.5.0.0/jre --enable-libgcj-multifile --enable-java-maintainer-mode --with-ecj-jar=/usr/share/java/eclipse-ecj.jar --disable-libjava-multilib --with-ppl --with-cloog --with-tune=generic --with-arch_32=i686 --build=x86_64-redhat-linux
Thread model: posix
gcc version 4.4.7 20120313 (Red Hat 4.4.7-17) (GCC) 
configure:2951: $? = 0
configure:2958: gcc -V >&5
gcc: '-V' option must have argument
configure:2962: $? = 1
configure:2985: checking for C compiler default output file name
configure:3007: gcc    conftest.c  >&5
configure:3011: $? = 0
configure:3049: result: a.out
configure:3068: checking whether the C compiler works
configure:3078: ./a.out
configure:3082: $? = 0
configure:3101: result: yes
configure:3108: checking whether we are cross compiling
configure:3110: result: no
configure:3113: checking for suffix of executables
configure:3120: gcc -o conftest    conftest.c  >&5
configure:3124: $? = 0
configure:3150: result: 
configure:3156: checking for suffix of object files
configure:3182: gcc -c   conftest.c >&5
configure:3186: $? = 0
configure:3211: result: o
configure:3215: checking whether we are using the GNU C compiler
configure:3244: gcc -c   conftest.c >&5
configure:3251: $? = 0
configure:3268: result: yes
configure:3277: checking whether gcc accepts -g
configure:3307: gcc -c -g  conftest.c >&5
configure:3314: $? = 0
configure:3415: result: yes
configure:3432: checking for gcc option to accept ISO C89
configure:3506: gcc  -c -g -O2  conftest.c >&5
configure:3513: $? = 0
configure:3536: result: none needed
configure:3565: checking for style of include used by make
configure:3593: result: GNU
configure:3618: checking dependency style of gcc
configure:3728: result: gcc3
configure:3801: checking for g++
configure:3817: found /usr/bin/g++
configure:3828: result: g++
configure:3855: checking for C++ compiler version
configure:3863: g++ --version >&5
g++ (GCC) 4.4.7 20120313 (Red Hat 4.4.7-17)
Copyright (C) 2010 Free Software Foundation, Inc.
This is free software; see the source for copying conditions.  There is NO
warranty; not even for MERCHANTABILITY or FITNESS FOR A PARTICULAR PURPOSE.

configure:3867: $? = 0
configure:3874: g++ -v >&5
Using built-in specs.
Target: x86_64-redhat-linux
Configured with: ../configure --prefix=/usr --mandir=/usr/share/man --infodir=/usr/share/info --with-bugurl=http://bugzilla.redhat.com/bugzilla --enable-bootstrap --enable-shared --enable-threads=posix --enable-checking=release --with-system-zlib --enable-__cxa_atexit --disable-libunwind-exceptions --enable-gnu-unique-object --enable-languages=c,c++,objc,obj-c++,java,fortran,ada --enable-java-awt=gtk --disable-dssi --with-java-home=/usr/lib/jvm/java-1.5.0-gcj-1.5.0.0/jre --enable-libgcj-multifile --enable-java-maintainer-mode --with-ecj-jar=/usr/share/java/eclipse-ecj.jar --disable-libjava-multilib --with-ppl --with-cloog --with-tune=generic --with-arch_32=i686 --build=x86_64-redhat-linux
Thread model: posix
gcc version 4.4.7 20120313 (Red Hat 4.4.7-17) (GCC) 
configure:3878: $? = 0
configure:3885: g++ -V >&5
g++: '-V' option must have argument
configure:3889: $? = 1
configure:3892: checking whether we are using the GNU C++ compiler
configure:3921: g++ -c   conftest.cpp >&5
configure:3928: $? = 0
configure:3945: result: yes
configure:3954: checking whether g++ accepts -g
configure:3984: g++ -c -g  conftest.cpp >&5
configure:3991: $? = 0
configure:4092: result: yes
configure:4117: checking dependency style of g++
configure:4227: result: gcc3
configure:4256: checking for a BSD-compatible install
configure:4324: result: /usr/bin/install -c
configure:4366: checking build system type
configure:4384: result: x86_64-unknown-linux-gnu
configure:4406: checking host system type
configure:4421: result: x86_64-unknown-linux-gnu
configure:4443: checking for a sed that does not truncate output
configure:4509: result: /bin/sed
configure:4527: checking for grep that handles long lines and -e
configure:4587: result: /bin/grep
configure:4592: checking for egrep
configure:4656: result: /bin/grep -E
configure:4661: checking for fgrep
configure:4725: result: /bin/grep -F
configure:4760: checking for ld used by gcc
configure:4827: result: /usr/bin/ld
configure:4836: checking if the linker (/usr/bin/ld) is GNU ld
configure:4851: result: yes
configure:4863: checking for BSD- or MS-compatible name lister (nm)
configure:4912: result: /usr/bin/nm -B
configure:5030: checking the name lister (/usr/bin/nm -B) interface
configure:5037: gcc -c -g -O2  conftest.c >&5
configure:5040: /usr/bin/nm -B "conftest.o"
configure:5043: output
0000000000000000 B some_variable
configure:5050: result: BSD nm
configure:5053: checking whether ln -s works
configure:5057: result: yes
configure:5065: checking the maximum length of command line arguments
configure:5185: result: 1966080
configure:5202: checking whether the shell understands some XSI constructs
configure:5212: result: yes
configure:5216: checking whether the shell understands "+="
configure:5222: result: yes
configure:5257: checking for /usr/bin/ld option to reload object files
configure:5264: result: -r
configure:5333: checking for objdump
configure:5349: found /usr/bin/objdump
configure:5360: result: objdump
configure:5392: checking how to recognize dependent libraries
configure:5588: result: pass_all
configure:5648: checking for ar
configure:5664: found /usr/bin/ar
configure:5675: result: ar
configure:5753: checking for strip
configure:5769: found /usr/bin/strip
configure:5780: result: strip
configure:5852: checking for ranlib
configure:5868: found /usr/bin/ranlib
configure:5879: result: ranlib
configure:5969: checking command to parse /usr/bin/nm -B output from gcc object
configure:6087: gcc -c -g -O2  conftest.c >&5
configure:6090: $? = 0
configure:6094: /usr/bin/nm -B conftest.o \| sed -n -e 's/^.*[	 ]\([ABCDGIRSTW][ABCDGIRSTW]*\)[	 ][	 ]*\([_A-Za-z][_A-Za-z0-9]*\)$/\1 \2 \2/p' \> conftest.nm
configure:6097: $? = 0
configure:6151: gcc -o conftest -g -O2   conftest.c conftstm.o >&5
configure:6154: $? = 0
configure:6192: result: ok
configure:6288: gcc -c -g -O2  conftest.c >&5
configure:6291: $? = 0
configure:7059: checking how to run the C preprocessor
configure:7099: gcc -E  conftest.c
configure:7106: $? = 0
configure:7137: gcc -E  conftest.c
conftest.c:10:28: error: ac_nonexistent.h: No such file or directory
configure:7144: $? = 1
configure: failed program was:
| /* confdefs.h.  */
| #define PACKAGE_NAME "library_demo"
| #define PACKAGE_TARNAME "library_demo"
| #define PACKAGE_VERSION "1.0.0"
| #define PACKAGE_STRING "library_demo 1.0.0"
| #define PACKAGE_BUGREPORT ""
| #define PACKAGE "library_demo"
| #define VERSION "1.0.0"
| /* end confdefs.h.  */
| #include <ac_nonexistent.h>
configure:7177: result: gcc -E
configure:7206: gcc -E  conftest.c
configure:7213: $? = 0
configure:7244: gcc -E  conftest.c
conftest.c:10:28: error: ac_nonexistent.h: No such file or directory
configure:7251: $? = 1
configure: failed program was:
| /* confdefs.h.  */
| #define PACKAGE_NAME "library_demo"
| #define PACKAGE_TARNAME "library_demo"
| #define PACKAGE_VERSION "1.0.0"
| #define PACKAGE_STRING "library_demo 1.0.0"
| #define PACKAGE_BUGREPORT ""
| #define PACKAGE "library_demo"
| #define VERSION "1.0.0"
| /* end confdefs.h.  */
| #include <ac_nonexistent.h>
configure:7291: checking for ANSI C header files
configure:7321: gcc -c -g -O2  conftest.c >&5
configure:7328: $? = 0
configure:7427: gcc -o conftest -g -O2   conftest.c  >&5
configure:7431: $? = 0
configure:7437: ./conftest
configure:7441: $? = 0
configure:7459: result: yes
configure:7483: checking for sys/types.h
configure:7504: gcc -c -g -O2  conftest.c >&5
configure:7511: $? = 0
configure:7528: result: yes
configure:7483: checking for sys/stat.h
configure:7504: gcc -c -g -O2  conftest.c >&5
configure:7511: $? = 0
configure:7528: result: yes
configure:7483: checking for stdlib.h
configure:7504: gcc -c -g -O2  conftest.c >&5
configure:7511: $? = 0
configure:7528: result: yes
configure:7483: checking for string.h
configure:7504: gcc -c -g -O2  conftest.c >&5
configure:7511: $? = 0
configure:7528: result: yes
configure:7483: checking for memory.h
configure:7504: gcc -c -g -O2  conftest.c >&5
configure:7511: $? = 0
configure:7528: result: yes
configure:7483: checking for strings.h
configure:7504: gcc -c -g -O2  conftest.c >&5
configure:7511: $? = 0
configure:7528: result: yes
configure:7483: checking for inttypes.h
configure:7504: gcc -c -g -O2  conftest.c >&5
configure:7511: $? = 0
configure:7528: result: yes
configure:7483: checking for stdint.h
configure:7504: gcc -c -g -O2  conftest.c >&5
configure:7511: $? = 0
configure:7528: result: yes
configure:7483: checking for unistd.h
configure:7504: gcc -c -g -O2  conftest.c >&5
configure:7511: $? = 0
configure:7528: result: yes
configure:7546: checking for dlfcn.h
configure:7567: gcc -c -g -O2  conftest.c >&5
configure:7574: $? = 0
configure:7591: result: yes
configure:7718: checking for C++ compiler version
configure:7726: g++ --version >&5
g++ (GCC) 4.4.7 20120313 (Red Hat 4.4.7-17)
Copyright (C) 2010 Free Software Foundation, Inc.
This is free software; see the source for copying conditions.  There is NO
warranty; not even for MERCHANTABILITY or FITNESS FOR A PARTICULAR PURPOSE.

configure:7730: $? = 0
configure:7737: g++ -v >&5
Using built-in specs.
Target: x86_64-redhat-linux
Configured with: ../configure --prefix=/usr --mandir=/usr/share/man --infodir=/usr/share/info --with-bugurl=http://bugzilla.redhat.com/bugzilla --enable-bootstrap --enable-shared --enable-threads=posix --enable-checking=release --with-system-zlib --enable-__cxa_atexit --disable-libunwind-exceptions --enable-gnu-unique-object --enable-languages=c,c++,objc,obj-c++,java,fortran,ada --enable-java-awt=gtk --disable-dssi --with-java-home=/usr/lib/jvm/java-1.5.0-gcj-1.5.0.0/jre --enable-libgcj-multifile --enable-java-maintainer-mode --with-ecj-jar=/usr/share/java/eclipse-ecj.jar --disable-libjava-multilib --with-ppl --with-cloog --with-tune=generic --with-arch_32=i686 --build=x86_64-redhat-linux
Thread model: posix
gcc version 4.4.7 20120313 (Red Hat 4.4.7-17) (GCC) 
configure:7741: $? = 0
configure:7748: g++ -V >&5
g++: '-V' option must have argument
configure:7752: $? = 1
configure:7755: checking whether we are using the GNU C++ compiler
configure:7808: result: yes
configure:7817: checking whether g++ accepts -g
configure:7955: result: yes
configure:7980: checking dependency style of g++
configure:8090: result: gcc3
configure:8113: checking how to run the C++ preprocessor
configure:8149: g++ -E  conftest.cpp
configure:8156: $? = 0
configure:8187: g++ -E  conftest.cpp
conftest.cpp:21:28: error: ac_nonexistent.h: No such file or directory
configure:8194: $? = 1
configure: failed program was:
| /* confdefs.h.  */
| #define PACKAGE_NAME "library_demo"
| #define PACKAGE_TARNAME "library_demo"
| #define PACKAGE_VERSION "1.0.0"
| #define PACKAGE_STRING "library_demo 1.0.0"
| #define PACKAGE_BUGREPORT ""
| #define PACKAGE "library_demo"
| #define VERSION "1.0.0"
| #define STDC_HEADERS 1
| #define HAVE_SYS_TYPES_H 1
| #define HAVE_SYS_STAT_H 1
| #define HAVE_STDLIB_H 1
| #define HAVE_STRING_H 1
| #define HAVE_MEMORY_H 1
| #define HAVE_STRINGS_H 1
| #define HAVE_INTTYPES_H 1
| #define HAVE_STDINT_H 1
| #define HAVE_UNISTD_H 1
| #define HAVE_DLFCN_H 1
| /* end confdefs.h.  */
| #include <ac_nonexistent.h>
configure:8227: result: g++ -E
configure:8256: g++ -E  conftest.cpp
configure:8263: $? = 0
configure:8294: g++ -E  conftest.cpp
conftest.cpp:21:28: error: ac_nonexistent.h: No such file or directory
configure:8301: $? = 1
configure: failed program was:
| /* confdefs.h.  */
| #define PACKAGE_NAME "library_demo"
| #define PACKAGE_TARNAME "library_demo"
| #define PACKAGE_VERSION "1.0.0"
| #define PACKAGE_STRING "library_demo 1.0.0"
| #define PACKAGE_BUGREPORT ""
| #define PACKAGE "library_demo"
| #define VERSION "1.0.0"
| #define STDC_HEADERS 1
| #define HAVE_SYS_TYPES_H 1
| #define HAVE_SYS_STAT_H 1
| #define HAVE_STDLIB_H 1
| #define HAVE_STRING_H 1
| #define HAVE_MEMORY_H 1
| #define HAVE_STRINGS_H 1
| #define HAVE_INTTYPES_H 1
| #define HAVE_STDINT_H 1
| #define HAVE_UNISTD_H 1
| #define HAVE_DLFCN_H 1
| /* end confdefs.h.  */
| #include <ac_nonexistent.h>
configure:8514: checking for objdir
configure:8529: result: .libs
configure:8825: checking if gcc supports -fno-rtti -fno-exceptions
configure:8843: gcc -c -g -O2  -fno-rtti -fno-exceptions conftest.c >&5
cc1: warning: command line option "-fno-rtti" is valid for C++/ObjC++ but not for C
configure:8847: $? = 0
configure:8860: result: no
configure:8880: checking for gcc option to produce PIC
configure:9152: result: -fPIC -DPIC
configure:9164: checking if gcc PIC flag -fPIC -DPIC works
configure:9182: gcc -c -g -O2  -fPIC -DPIC -DPIC conftest.c >&5
configure:9186: $? = 0
configure:9199: result: yes
configure:9223: checking if gcc static flag -static works
configure:9251: result: no
configure:9266: checking if gcc supports -c -o file.o
configure:9287: gcc -c -g -O2  -o out/conftest2.o conftest.c >&5
configure:9291: $? = 0
configure:9313: result: yes
configure:9321: checking if gcc supports -c -o file.o
configure:9368: result: yes
configure:9401: checking whether the gcc linker (/usr/bin/ld -m elf_x86_64) supports shared libraries
configure:10475: result: yes
configure:10512: checking whether -lc should be explicitly linked in
configure:10517: gcc -c -g -O2  conftest.c >&5
configure:10520: $? = 0
configure:10535: gcc -shared conftest.o  -v -Wl,-soname -Wl,conftest -o conftest 2\>\&1 \| /bin/grep  -lc  \>/dev/null 2\>\&1
configure:10538: $? = 0
configure:10550: result: no
configure:10714: checking dynamic linker characteristics
configure:11157: gcc -o conftest -g -O2   -Wl,-rpath -Wl,/foo conftest.c  >&5
configure:11164: $? = 0
configure:11400: result: GNU/Linux ld.so
configure:11502: checking how to hardcode library paths into programs
configure:11527: result: immediate
configure:12360: checking whether stripping libraries is possible
configure:12365: result: yes
configure:12400: checking if libtool supports shared libraries
configure:12402: result: yes
configure:12405: checking whether to build shared libraries
configure:12426: result: yes
configure:12429: checking whether to build static libraries
configure:12433: result: no
configure:12583: checking for ld used by g++
configure:12650: result: /usr/bin/ld -m elf_x86_64
configure:12659: checking if the linker (/usr/bin/ld -m elf_x86_64) is GNU ld
configure:12674: result: yes
configure:12729: checking whether the g++ linker (/usr/bin/ld -m elf_x86_64) supports shared libraries
configure:13704: result: yes
configure:13732: g++ -c -g -O2  conftest.cpp >&5
configure:13735: $? = 0
configure:13917: checking for g++ option to produce PIC
configure:14234: result: -fPIC -DPIC
configure:14243: checking if g++ PIC flag -fPIC -DPIC works
configure:14261: g++ -c -g -O2  -fPIC -DPIC -DPIC conftest.cpp >&5
configure:14265: $? = 0
configure:14278: result: yes
configure:14299: checking if g++ static flag -static works
configure:14327: result: no
configure:14339: checking if g++ supports -c -o file.o
configure:14360: g++ -c -g -O2  -o out/conftest2.o conftest.cpp >&5
configure:14364: $? = 0
configure:14386: result: yes
configure:14391: checking if g++ supports -c -o file.o
configure:14438: result: yes
configure:14468: checking whether the g++ linker (/usr/bin/ld -m elf_x86_64) supports shared libraries
configure:14494: result: yes
configure:14631: checking dynamic linker characteristics
configure:15022: g++ -o conftest -g -O2   -Wl,-rpath -Wl,/foo conftest.cpp  >&5
configure:15029: $? = 0
configure:15265: result: GNU/Linux ld.so
configure:15316: checking how to hardcode library paths into programs
configure:15341: result: immediate
configure:15449: checking for pkg-config
configure:15467: found /usr/bin/pkg-config
configure:15479: result: /usr/bin/pkg-config
configure:15504: checking pkg-config is at least version 0.9.0
configure:15507: result: yes
configure:15518: checking for omniORB4
configure:15524: $PKG_CONFIG --exists --print-errors "omniORB4 >= 4.0.0"
configure:15527: $? = 0
configure:15534: result: yes
configure:15579: checking for ossie home
configure:15610: result: /usr/local/redhawk/core
configure:15617: checking to see ossie is installed
configure:15627: checking for sdr root
configure:15650: result: /var/redhawk/sdr
configure:15667: checking for softpkg prefix
configure:15678: result: /var/redhawk/sdr/dom/deps/library_demo
configure:15707: checking for REDHAWK
configure:15715: $PKG_CONFIG --exists --print-errors "ossie >= 2.0"
configure:15718: $? = 0
configure:15733: $PKG_CONFIG --exists --print-errors "ossie >= 2.0"
configure:15736: $? = 0
configure:15814: result: yes
configure:15827: checking for LOG4CXX
configure:15835: $PKG_CONFIG --exists --print-errors "liblog4cxx >= 0.10.0"
configure:15838: $? = 0
configure:15853: $PKG_CONFIG --exists --print-errors "liblog4cxx >= 0.10.0"
configure:15856: $? = 0
configure:15934: result: yes
configure:16017: checking for boostlib >= 1.41
configure:16088: g++ -c -g -O2    -I/usr/include conftest.cpp >&5
configure:16095: $? = 0
configure:16101: result: yes
configure:16352: checking whether the Boost::System library is available
configure:16386: g++ -c -g -O2    -I/usr/include conftest.cpp >&5
configure:16393: $? = 0
configure:16416: result: yes
configure:16433: checking for exit in -lboost_system
configure:16468: gcc -o conftest -g -O2    -I/usr/include  -L/usr/lib64 conftest.c -lboost_system   -llog4cxx   >&5
conftest.c:34: warning: conflicting types for built-in function 'exit'
configure:16475: $? = 0
configure:16498: result: yes
configure:16720: checking whether the Boost::Thread library is available
configure:16762: g++ -c -pthread -g -O2    -I/usr/include conftest.cpp >&5
configure:16769: $? = 0
configure:16792: result: yes
configure:16823: checking for exit in -lboost_thread-mt
configure:16858: gcc -o conftest -g -O2    -I/usr/include  -L/usr/lib64 conftest.c -lboost_thread-mt   -llog4cxx   >&5
conftest.c:35: warning: conflicting types for built-in function 'exit'
configure:16865: $? = 0
configure:16888: result: yes
configure:17117: checking whether the Boost::Regex library is available
configure:17150: g++ -c -g -O2    -pthread -I/usr/include conftest.cpp >&5
configure:17157: $? = 0
configure:17179: result: yes
configure:17192: checking for exit in -lboost_regex-mt
configure:17227: gcc -o conftest -g -O2    -pthread -I/usr/include  -L/usr/lib64 conftest.c -lboost_regex-mt   -llog4cxx   >&5
conftest.c:36: warning: conflicting types for built-in function 'exit'
configure:17234: $? = 0
configure:17257: result: yes
configure:17617: creating ./config.status

## ---------------------- ##
## Running config.status. ##
## ---------------------- ##

This file was extended by library_demo config.status 1.0.0, which was
generated by GNU Autoconf 2.63.  Invocation command line was

  CONFIG_FILES    = 
  CONFIG_HEADERS  = 
  CONFIG_LINKS    = 
  CONFIG_COMMANDS = 
  $ ./config.status 

on axiosws-ab

config.status:985: creating Makefile
config.status:985: creating library_demo.pc
config.status:1196: executing depfiles commands
config.status:1196: executing libtool commands

## ---------------- ##
## Cache variables. ##
## ---------------- ##

ac_cv_build=x86_64-unknown-linux-gnu
ac_cv_c_compiler_gnu=yes
ac_cv_corba_omniorb4=yes
ac_cv_cxx_compiler_gnu=yes
ac_cv_env_CCC_set=
ac_cv_env_CCC_value=
ac_cv_env_CC_set=
ac_cv_env_CC_value=
ac_cv_env_CFLAGS_set=
ac_cv_env_CFLAGS_value=
ac_cv_env_CPPFLAGS_set=
ac_cv_env_CPPFLAGS_value=
ac_cv_env_CPP_set=
ac_cv_env_CPP_value=
ac_cv_env_CXXCPP_set=
ac_cv_env_CXXCPP_value=
ac_cv_env_CXXFLAGS_set=
ac_cv_env_CXXFLAGS_value=
ac_cv_env_CXX_set=
ac_cv_env_CXX_value=
ac_cv_env_LDFLAGS_set=
ac_cv_env_LDFLAGS_value=
ac_cv_env_LIBS_set=
ac_cv_env_LIBS_value=
ac_cv_env_LOG4CXX_CFLAGS_set=
ac_cv_env_LOG4CXX_CFLAGS_value=
ac_cv_env_LOG4CXX_LIBS_set=
ac_cv_env_LOG4CXX_LIBS_value=
ac_cv_env_PKG_CONFIG_set=
ac_cv_env_PKG_CONFIG_value=
ac_cv_env_REDHAWK_CFLAGS_set=
ac_cv_env_REDHAWK_CFLAGS_value=
ac_cv_env_REDHAWK_LIBS_set=
ac_cv_env_REDHAWK_LIBS_value=
ac_cv_env_build_alias_set=
ac_cv_env_build_alias_value=
ac_cv_env_host_alias_set=
ac_cv_env_host_alias_value=
ac_cv_env_target_alias_set=
ac_cv_env_target_alias_value=
ac_cv_header_dlfcn_h=yes
ac_cv_header_inttypes_h=yes
ac_cv_header_memory_h=yes
ac_cv_header_stdc=yes
ac_cv_header_stdint_h=yes
ac_cv_header_stdlib_h=yes
ac_cv_header_string_h=yes
ac_cv_header_strings_h=yes
ac_cv_header_sys_stat_h=yes
ac_cv_header_sys_types_h=yes
ac_cv_header_unistd_h=yes
ac_cv_host=x86_64-unknown-linux-gnu
ac_cv_lib_boost_regex_mt___exit=yes
ac_cv_lib_boost_system___exit=yes
ac_cv_lib_boost_thread_mt___exit=yes
ac_cv_objext=o
ac_cv_path_EGREP='/bin/grep -E'
ac_cv_path_FGREP='/bin/grep -F'
ac_cv_path_GREP=/bin/grep
ac_cv_path_SED=/bin/sed
ac_cv_path_ac_pt_PKG_CONFIG=/usr/bin/pkg-config
ac_cv_path_install='/usr/bin/install -c'
ac_cv_path_mkdir=/bin/mkdir
ac_cv_prog_AWK=gawk
ac_cv_prog_CPP='gcc -E'
ac_cv_prog_CXXCPP='g++ -E'
ac_cv_prog_ac_ct_AR=ar
ac_cv_prog_ac_ct_CC=gcc
ac_cv_prog_ac_ct_CXX=g++
ac_cv_prog_ac_ct_OBJDUMP=objdump
ac_cv_prog_ac_ct_RANLIB=ranlib
ac_cv_prog_ac_ct_STRIP=strip
ac_cv_prog_cc_c89=
ac_cv_prog_cc_g=yes
ac_cv_prog_cxx_g=yes
ac_cv_prog_make_make_set=yes
am_cv_CC_dependencies_compiler_type=gcc3
am_cv_CXX_dependencies_compiler_type=gcc3
ax_cv_boost_regex=yes
ax_cv_boost_system=yes
ax_cv_boost_thread=yes
lt_cv_deplibs_check_method=pass_all
lt_cv_file_magic_cmd='$MAGIC_CMD'
lt_cv_file_magic_test_file=
lt_cv_ld_reload_flag=-r
lt_cv_nm_interface='BSD nm'
lt_cv_objdir=.libs
lt_cv_path_LD=/usr/bin/ld
lt_cv_path_LDCXX='/usr/bin/ld -m elf_x86_64'
lt_cv_path_NM='/usr/bin/nm -B'
lt_cv_prog_compiler_c_o=yes
lt_cv_prog_compiler_c_o_CXX=yes
lt_cv_prog_compiler_pic_works=yes
lt_cv_prog_compiler_pic_works_CXX=yes
lt_cv_prog_compiler_rtti_exceptions=no
lt_cv_prog_compiler_static_works=no
lt_cv_prog_compiler_static_works_CXX=no
lt_cv_prog_gnu_ld=yes
lt_cv_prog_gnu_ldcxx=yes
lt_cv_sys_global_symbol_pipe='sed -n -e '\''s/^.*[	 ]\([ABCDGIRSTW][ABCDGIRSTW]*\)[	 ][	 ]*\([_A-Za-z][_A-Za-z0-9]*\)$/\1 \2 \2/p'\'''
lt_cv_sys_global_symbol_to_c_name_address='sed -n -e '\''s/^: \([^ ]*\) $/  {\"\1\", (void *) 0},/p'\'' -e '\''s/^[ABCDGIRSTW]* \([^ ]*\) \([^ ]*\)$/  {"\2", (void *) \&\2},/p'\'''
lt_cv_sys_global_symbol_to_c_name_address_lib_prefix='sed -n -e '\''s/^: \([^ ]*\) $/  {\"\1\", (void *) 0},/p'\'' -e '\''s/^[ABCDGIRSTW]* \([^ ]*\) \(lib[^ ]*\)$/  {"\2", (void *) \&\2},/p'\'' -e '\''s/^[ABCDGIRSTW]* \([^ ]*\) \([^ ]*\)$/  {"lib\2", (void *) \&\2},/p'\'''
lt_cv_sys_global_symbol_to_cdecl='sed -n -e '\''s/^T .* \(.*\)$/extern int \1();/p'\'' -e '\''s/^[ABCDGIRSTW]* .* \(.*\)$/extern char \1;/p'\'''
lt_cv_sys_max_cmd_len=1966080
ossie_cv_ossie_home=/usr/local/redhawk/core
ossie_cv_sdr_root=/var/redhawk/sdr
pkg_cv_LOG4CXX_CFLAGS=' '
pkg_cv_LOG4CXX_LIBS='-llog4cxx  '
pkg_cv_REDHAWK_CFLAGS='-D__x86_64__ -D__linux__ -D__OSVERSION__=2 -DENABLE_EVENTS=1 -I/usr/local/redhawk/core/include -I/usr/local/redhawk/core/include/ossie -I/usr/local/redhawk/core/share/idl  '
pkg_cv_REDHAWK_LIBS='-L/usr/local/redhawk/core/lib64 -lossiecf -lossieidl -lCOS4 -lomniDynamic4 -lomniORB4 -lomnithread  '

## ----------------- ##
## Output variables. ##
## ----------------- ##

ACLOCAL='${SHELL} /nishome/abendebba/workspace/library_demo/cpp/missing --run aclocal-1.11'
AMDEPBACKSLASH='\'
AMDEP_FALSE='#'
AMDEP_TRUE=''
AMTAR='${SHELL} /nishome/abendebba/workspace/library_demo/cpp/missing --run tar'
AM_BACKSLASH='\'
AM_DEFAULT_VERBOSITY='0'
AR='ar'
AUTOCONF='${SHELL} /nishome/abendebba/workspace/library_demo/cpp/missing --run autoconf'
AUTOHEADER='${SHELL} /nishome/abendebba/workspace/library_demo/cpp/missing --run autoheader'
AUTOMAKE='${SHELL} /nishome/abendebba/workspace/library_demo/cpp/missing --run automake-1.11'
AWK='gawk'
BOOST_CPPFLAGS='-pthread -I/usr/include'
BOOST_LDFLAGS='-L/usr/lib64'
BOOST_REGEX_LIB='-lboost_regex-mt'
BOOST_SYSTEM_LIB='-lboost_system'
BOOST_THREAD_LIB='-lboost_thread-mt'
CC='gcc'
CCDEPMODE='depmode=gcc3'
CFLAGS='-g -O2'
CORBA_ORB='omniORB4'
CPP='gcc -E'
CPPFLAGS='  '
CXX='g++'
CXXCPP='g++ -E'
CXXDEPMODE='depmode=gcc3'
CXXFLAGS='-g -O2'
CYGPATH_W='echo'
DEFS='-DPACKAGE_NAME=\"library_demo\" -DPACKAGE_TARNAME=\"library_demo\" -DPACKAGE_VERSION=\"1.0.0\" -DPACKAGE_STRING=\"library_demo\ 1.0.0\" -DPACKAGE_BUGREPORT=\"\" -DPACKAGE=\"library_demo\" -DVERSION=\"1.0.0\" -DSTDC_HEADERS=1 -DHAVE_SYS_TYPES_H=1 -DHAVE_SYS_STAT_H=1 -DHAVE_STDLIB_H=1 -DHAVE_STRING_H=1 -DHAVE_MEMORY_H=1 -DHAVE_STRINGS_H=1 -DHAVE_INTTYPES_H=1 -DHAVE_STDINT_H=1 -DHAVE_UNISTD_H=1 -DHAVE_DLFCN_H=1 -DLT_OBJDIR=\".libs/\" -DHAVE_OMNIORB4=1 -DHAVE_LOG4CXX=1 -DRH_LOGGER=1 -DHAVE_BOOST=1 -DHAVE_BOOST_SYSTEM=1 -DHAVE_BOOST_THREAD=1 -DHAVE_BOOST_REGEX=1'
DEPDIR='.deps'
DSYMUTIL=''
DUMPBIN=''
ECHO_C=''
ECHO_N='-n'
ECHO_T=''
EGREP='/bin/grep -E'
EXEEXT=''
FGREP='/bin/grep -F'
GREP='/bin/grep'
HAVE_LOG4CXX='-DHAVE_LOG4CXX=1'
INSTALL_DATA='${INSTALL} -m 644'
INSTALL_PROGRAM='${INSTALL}'
INSTALL_SCRIPT='${INSTALL}'
INSTALL_STRIP_PROGRAM='$(install_sh) -c -s'
LD='/usr/bin/ld -m elf_x86_64'
LDFLAGS=''
LIBOBJS=''
LIBS=' -llog4cxx  '
LIBTOOL='$(SHELL) $(top_builddir)/libtool'
LIPO=''
LN_S='ln -s'
LOG4CXX_CFLAGS=' '
LOG4CXX_LIBS='-llog4cxx  '
LTLIBOBJS=''
MAKEINFO='${SHELL} /nishome/abendebba/workspace/library_demo/cpp/missing --run makeinfo'
MKDIR_P='/bin/mkdir -p'
NM='/usr/bin/nm -B'
NMEDIT=''
OBJDUMP='objdump'
OBJEXT='o'
OSSIE_HOME='/usr/local/redhawk/core'
OTOOL64=''
OTOOL=''
PACKAGE='library_demo'
PACKAGE_BUGREPORT=''
PACKAGE_NAME='library_demo'
PACKAGE_STRING='library_demo 1.0.0'
PACKAGE_TARNAME='library_demo'
PACKAGE_VERSION='1.0.0'
PATH_SEPARATOR=':'
PKG_CONFIG='/usr/bin/pkg-config'
RANLIB='ranlib'
REDHAWK_CFLAGS='-D__x86_64__ -D__linux__ -D__OSVERSION__=2 -DENABLE_EVENTS=1 -I/usr/local/redhawk/core/include -I/usr/local/redhawk/core/include/ossie -I/usr/local/redhawk/core/share/idl  '
REDHAWK_LIBS='-L/usr/local/redhawk/core/lib64 -lossiecf -lossieidl -lCOS4 -lomniDynamic4 -lomniORB4 -lomnithread  '
SDR_ROOT='/var/redhawk/sdr'
SED='/bin/sed'
SET_MAKE=''
SHELL='/bin/sh'
STRIP='strip'
VERSION='1.0.0'
WITH_LOG4CXX='yes'
ac_ct_CC='gcc'
ac_ct_CXX='g++'
ac_ct_DUMPBIN=''
am__EXEEXT_FALSE=''
am__EXEEXT_TRUE='#'
am__fastdepCC_FALSE='#'
am__fastdepCC_TRUE=''
am__fastdepCXX_FALSE='#'
am__fastdepCXX_TRUE=''
am__include='include'
am__isrc=''
am__leading_dot='.'
am__quote=''
am__tar='${AMTAR} chof - "$$tardir"'
am__untar='${AMTAR} xf -'
bindir='${exec_prefix}/bin'
build='x86_64-unknown-linux-gnu'
build_alias=''
build_cpu='x86_64'
build_os='linux-gnu'
build_vendor='unknown'
datadir='${datarootdir}'
datarootdir='${prefix}/share'
docdir='${datarootdir}/doc/${PACKAGE_TARNAME}'
dvidir='${docdir}'
exec_prefix='${prefix}/cpp'
host='x86_64-unknown-linux-gnu'
host_alias=''
host_cpu='x86_64'
host_os='linux-gnu'
host_vendor='unknown'
htmldir='${docdir}'
includedir='${prefix}/include'
infodir='${datarootdir}/info'
install_sh='${SHELL} /nishome/abendebba/workspace/library_demo/cpp/install-sh'
libdir='${exec_prefix}/lib'
libexecdir='${exec_prefix}/libexec'
localedir='${datarootdir}/locale'
localstatedir='${prefix}/var'
lt_ECHO='echo'
mandir='${datarootdir}/man'
mkdir_p='/bin/mkdir -p'
oldincludedir='/usr/include'
pdfdir='${docdir}'
prefix='/var/redhawk/sdr/dom/deps/library_demo'
program_transform_name='s,x,x,'
psdir='${docdir}'
sbindir='${exec_prefix}/sbin'
sharedstatedir='${prefix}/com'
sysconfdir='${prefix}/etc'
target_alias=''

## ----------- ##
## confdefs.h. ##
## ----------- ##

#define PACKAGE_NAME "library_demo"
#define PACKAGE_TARNAME "library_demo"
#define PACKAGE_VERSION "1.0.0"
#define PACKAGE_STRING "library_demo 1.0.0"
#define PACKAGE_BUGREPORT ""
#define PACKAGE "library_demo"
#define VERSION "1.0.0"
#define STDC_HEADERS 1
#define HAVE_SYS_TYPES_H 1
#define HAVE_SYS_STAT_H 1
#define HAVE_STDLIB_H 1
#define HAVE_STRING_H 1
#define HAVE_MEMORY_H 1
#define HAVE_STRINGS_H 1
#define HAVE_INTTYPES_H 1
#define HAVE_STDINT_H 1
#define HAVE_UNISTD_H 1
#define HAVE_DLFCN_H 1
#define LT_OBJDIR ".libs/"
#define HAVE_OMNIORB4 1
#define HAVE_LOG4CXX 1
#define RH_LOGGER 1
#define HAVE_BOOST 1
#define HAVE_BOOST_SYSTEM 1
#define HAVE_BOOST_THREAD 1
#define HAVE_BOOST_REGEX 1

configure: exit 0
